This is LuaHBTeX, Version 1.22.0 (TeX Live 2026/dev/Arch Linux)  (format=lualatex 2025.6.17)  18 JUL 2025 20:23
 restricted system commands enabled.
**$HOME/.profile.d/67-nix.sh" 2>/dev/null || {

*    echo "WARNING: Could not source Nix profile configuration. Falling back to
 manual exporting"
! I can't find file `$HOME/.profile.d/67-nix.sh 2>/dev/null || { echo WARNING:'.

<*>     echo "WARNING: 
                       Could not source Nix profile configuration. Falling b...
(Press Enter to retry, or Control-D to exit)
Please type another input file name:     export NIX_CONF_DIR="$
! I can't find file `export'.
<*>     echo "WARNING: 
                       Could not source Nix profile configuration. Falling b...
(Press Enter to retry, or Control-D to exit)
Please type another input file name: 
! Emergency stop.
<*> 
    
End of file on the terminal!



Here is how much of LuaTeX's memory you used:
 7 strings out of 475506
 100000,552014 words of node,token memory allocated 270 words of node memory still in use:
   1 hlist, 39 glue_spec nodes
   avail lists: 2:12,3:3,4:1,5:1
 23133 multiletter control sequences out of 65536+600000
 14 fonts using 591679 bytes
 0i,0n,0p,124b,6s stack positions out of 10000i,1000n,20000p,200000b,200000s
!  ==> Fatal error occurred, no output PDF file produced!
